<?xml version="1.0" encoding="UTF-8"?>
<!-- Generated by org.testng.reporters.JUnitReportReporter -->
<testsuite hostname="Victus" failures="0" tests="1" name="testCases.Login" time="1.168" errors="0" timestamp="2024-12-28T14:50:54 IST" skipped="0">
  <testcase classname="testCases.Login" name="login" time="1.168"/>
  <system-out/>
</testsuite> <!-- testCases.Login -->
