<?xml version="1.0" encoding="UTF-8"?>
<!-- Generated by org.testng.reporters.JUnitReportReporter -->
<testsuite hostname="Victus" failures="0" tests="1" name="testCases.Registration" time="2.404" errors="0" timestamp="2024-12-28T14:50:54 IST" skipped="0">
  <testcase classname="testCases.Registration" name="registration" time="2.404"/>
  <system-out/>
</testsuite> <!-- testCases.Registration -->
