<?xml version="1.0" encoding="UTF-8"?>
<!-- Generated by org.testng.reporters.JUnitReportReporter -->
<testsuite hostname="Victus" failures="0" tests="5" name="testCases.LoginDataProvider" time="46.472" errors="0" timestamp="2024-12-27T13:52:55 IST" skipped="0">
  <testcase classname="testCases.LoginDataProvider" name="dataprovider" time="11.110"/>
  <system-out/>
  <testcase classname="testCases.LoginDataProvider" name="dataprovider" time="2.275"/>
  <system-out/>
  <testcase classname="testCases.LoginDataProvider" name="dataprovider" time="10.948"/>
  <system-out/>
  <testcase classname="testCases.LoginDataProvider" name="dataprovider" time="11.130"/>
  <system-out/>
  <testcase classname="testCases.LoginDataProvider" name="dataprovider" time="11.009"/>
  <system-out/>
</testsuite> <!-- testCases.LoginDataProvider -->
