<?xml version="1.0" encoding="UTF-8"?>
<!-- Generated by org.testng.reporters.JUnitReportReporter -->
<testsuite hostname="Victus" failures="0" tests="1" name="testCases.Registration" time="2.277" errors="0" timestamp="28 Dec 2024 09:21:32 GMT">
  <testcase classname="testCases.Registration" name="registration" time="2.277"/>
</testsuite> <!-- testCases.Registration -->
