<?xml version="1.0" encoding="UTF-8"?>
<!-- Generated by org.testng.reporters.JUnitReportReporter -->
<testsuite hostname="Victus" failures="0" tests="1" name="testCases.Login" time="1.756" errors="0" timestamp="28 Dec 2024 09:21:32 GMT">
  <testcase classname="testCases.Login" name="login" time="1.756"/>
</testsuite> <!-- testCases.Login -->
